<?xml version="1.0" encoding="UTF-8"?>
<!-- Generated by org.testng.reporters.JUnitXMLReporter -->
<testsuite ignored="0" hostname="DESKTOP-VHJ66FJ" failures="7" tests="7" name="Test" time="0.354" errors="0" timestamp="2024-07-06T18:59:45 IST">
  <testcase classname="io.cucumber.testng.AbstractTestNGCucumberTests" name="runScenario" time="0.093">
    <failure type="io.cucumber.testng.UndefinedStepException" message="The step &amp;apos;valid base url is defined&amp;apos; and 7 other step(s) are undefined.
You can implement these steps using the snippet(s) below:

@Given(&amp;quot;valid base url is defined&amp;quot;)
public void valid_base_url_is_defined() {
    // Write code here that turns the phrase above into concrete actions
    throw new io.cucumber.java.PendingException();
}
@Given(&amp;quot;valid endpoints to add a new pet&amp;quot;)
public void valid_endpoints_to_add_a_new_pet() {
    // Write code here that turns the phrase above into concrete actions
    throw new io.cucumber.java.PendingException();
}
@Given(&amp;quot;header key is known for authentication&amp;quot;)
public void header_key_is_known_for_authentication() {
    // Write code here that turns the phrase above into concrete actions
    throw new io.cucumber.java.PendingException();
}
@Given(&amp;quot;valid pet data available in required format&amp;quot;)
public void valid_pet_data_available_in_required_format() {
    // Write code here that turns the phrase above into concrete actions
    throw new io.cucumber.java.PendingException();
}
@When(&amp;quot;post request is sent to server with data&amp;quot;)
public void post_request_is_sent_to_server_with_data() {
    // Write code here that turns the phrase above into concrete actions
    throw new io.cucumber.java.PendingException();
}
@Then(&amp;quot;Validate the status code to be {string}&amp;quot;)
public void validate_the_status_code_to_be(String string) {
    // Write code here that turns the phrase above into concrete actions
    throw new io.cucumber.java.PendingException();
}
@Then(&amp;quot;Validate the content type as {string}&amp;quot;)
public void validate_the_content_type_as(String string) {
    // Write code here that turns the phrase above into concrete actions
    throw new io.cucumber.java.PendingException();
}
@Then(&amp;quot;Validate response values matching with input data&amp;quot;)
public void validate_response_values_matching_with_input_data() {
    // Write code here that turns the phrase above into concrete actions
    throw new io.cucumber.java.PendingException();
}
">
      <![CDATA[io.cucumber.testng.UndefinedStepException: The step 'valid base url is defined' and 7 other step(s) are undefined.
You can implement these steps using the snippet(s) below:

@Given("valid base url is defined")
public void valid_base_url_is_defined() {
    // Write code here that turns the phrase above into concrete actions
    throw new io.cucumber.java.PendingException();
}
@Given("valid endpoints to add a new pet")
public void valid_endpoints_to_add_a_new_pet() {
    // Write code here that turns the phrase above into concrete actions
    throw new io.cucumber.java.PendingException();
}
@Given("header key is known for authentication")
public void header_key_is_known_for_authentication() {
    // Write code here that turns the phrase above into concrete actions
    throw new io.cucumber.java.PendingException();
}
@Given("valid pet data available in required format")
public void valid_pet_data_available_in_required_format() {
    // Write code here that turns the phrase above into concrete actions
    throw new io.cucumber.java.PendingException();
}
@When("post request is sent to server with data")
public void post_request_is_sent_to_server_with_data() {
    // Write code here that turns the phrase above into concrete actions
    throw new io.cucumber.java.PendingException();
}
@Then("Validate the status code to be {string}")
public void validate_the_status_code_to_be(String string) {
    // Write code here that turns the phrase above into concrete actions
    throw new io.cucumber.java.PendingException();
}
@Then("Validate the content type as {string}")
public void validate_the_content_type_as(String string) {
    // Write code here that turns the phrase above into concrete actions
    throw new io.cucumber.java.PendingException();
}
@Then("Validate response values matching with input data")
public void validate_response_values_matching_with_input_data() {
    // Write code here that turns the phrase above into concrete actions
    throw new io.cucumber.java.PendingException();
}

at io.cucumber.core.runtime.TestCaseResultObserver.assertTestCasePassed(TestCaseResultObserver.java:69)
at io.cucumber.testng.TestCaseResultObserver.assertTestCasePassed(TestCaseResultObserver.java:23)
at io.cucumber.testng.TestNGCucumberRunner.lambda$runScenario$1(TestNGCucumberRunner.java:133)
at io.cucumber.core.runtime.CucumberExecutionContext.lambda$runTestCase$5(CucumberExecutionContext.java:136)
at io.cucumber.core.runtime.RethrowingThrowableCollector.executeAndThrow(RethrowingThrowableCollector.java:23)
at io.cucumber.core.runtime.CucumberExecutionContext.runTestCase(CucumberExecutionContext.java:136)
at io.cucumber.testng.TestNGCucumberRunner.runScenario(TestNGCucumberRunner.java:129)
at io.cucumber.testng.AbstractTestNGCucumberTests.runScenario(AbstractTestNGCucumberTests.java:35)
at java.base/java.util.ArrayList.forEach(ArrayList.java:1511)
... Removed 27 stack frames]]>
    </failure>
  </testcase> <!-- runScenario -->
  <testcase classname="io.cucumber.testng.AbstractTestNGCucumberTests" name="runScenario" time="0.011">
    <failure type="io.cucumber.testng.UndefinedStepException" message="The step &amp;apos;valid base url is defined&amp;apos; and 6 other step(s) are undefined.
You can implement these steps using the snippet(s) below:

@Given(&amp;quot;valid base url is defined&amp;quot;)
public void valid_base_url_is_defined() {
    // Write code here that turns the phrase above into concrete actions
    throw new io.cucumber.java.PendingException();
}
@Given(&amp;quot;valid endpoints to get pet details using id&amp;quot;)
public void valid_endpoints_to_get_pet_details_using_id() {
    // Write code here that turns the phrase above into concrete actions
    throw new io.cucumber.java.PendingException();
}
@Given(&amp;quot;header key is known for authentication&amp;quot;)
public void header_key_is_known_for_authentication() {
    // Write code here that turns the phrase above into concrete actions
    throw new io.cucumber.java.PendingException();
}
@When(&amp;quot;get request is sent to server with id&amp;quot;)
public void get_request_is_sent_to_server_with_id() {
    // Write code here that turns the phrase above into concrete actions
    throw new io.cucumber.java.PendingException();
}
@Then(&amp;quot;Validate the status code to be {string} for get pet details&amp;quot;)
public void validate_the_status_code_to_be_for_get_pet_details(String string) {
    // Write code here that turns the phrase above into concrete actions
    throw new io.cucumber.java.PendingException();
}
@Then(&amp;quot;Validate the content type as {string} for get pet details&amp;quot;)
public void validate_the_content_type_as_for_get_pet_details(String string) {
    // Write code here that turns the phrase above into concrete actions
    throw new io.cucumber.java.PendingException();
}
@Then(&amp;quot;Validate response values matching with expected data&amp;quot;)
public void validate_response_values_matching_with_expected_data() {
    // Write code here that turns the phrase above into concrete actions
    throw new io.cucumber.java.PendingException();
}
">
      <![CDATA[io.cucumber.testng.UndefinedStepException: The step 'valid base url is defined' and 6 other step(s) are undefined.
You can implement these steps using the snippet(s) below:

@Given("valid base url is defined")
public void valid_base_url_is_defined() {
    // Write code here that turns the phrase above into concrete actions
    throw new io.cucumber.java.PendingException();
}
@Given("valid endpoints to get pet details using id")
public void valid_endpoints_to_get_pet_details_using_id() {
    // Write code here that turns the phrase above into concrete actions
    throw new io.cucumber.java.PendingException();
}
@Given("header key is known for authentication")
public void header_key_is_known_for_authentication() {
    // Write code here that turns the phrase above into concrete actions
    throw new io.cucumber.java.PendingException();
}
@When("get request is sent to server with id")
public void get_request_is_sent_to_server_with_id() {
    // Write code here that turns the phrase above into concrete actions
    throw new io.cucumber.java.PendingException();
}
@Then("Validate the status code to be {string} for get pet details")
public void validate_the_status_code_to_be_for_get_pet_details(String string) {
    // Write code here that turns the phrase above into concrete actions
    throw new io.cucumber.java.PendingException();
}
@Then("Validate the content type as {string} for get pet details")
public void validate_the_content_type_as_for_get_pet_details(String string) {
    // Write code here that turns the phrase above into concrete actions
    throw new io.cucumber.java.PendingException();
}
@Then("Validate response values matching with expected data")
public void validate_response_values_matching_with_expected_data() {
    // Write code here that turns the phrase above into concrete actions
    throw new io.cucumber.java.PendingException();
}

at io.cucumber.core.runtime.TestCaseResultObserver.assertTestCasePassed(TestCaseResultObserver.java:69)
at io.cucumber.testng.TestCaseResultObserver.assertTestCasePassed(TestCaseResultObserver.java:23)
at io.cucumber.testng.TestNGCucumberRunner.lambda$runScenario$1(TestNGCucumberRunner.java:133)
at io.cucumber.core.runtime.CucumberExecutionContext.lambda$runTestCase$5(CucumberExecutionContext.java:136)
at io.cucumber.core.runtime.RethrowingThrowableCollector.executeAndThrow(RethrowingThrowableCollector.java:23)
at io.cucumber.core.runtime.CucumberExecutionContext.runTestCase(CucumberExecutionContext.java:136)
at io.cucumber.testng.TestNGCucumberRunner.runScenario(TestNGCucumberRunner.java:129)
at io.cucumber.testng.AbstractTestNGCucumberTests.runScenario(AbstractTestNGCucumberTests.java:35)
at java.base/java.util.ArrayList.forEach(ArrayList.java:1511)
... Removed 27 stack frames]]>
    </failure>
  </testcase> <!-- runScenario -->
  <testcase classname="io.cucumber.testng.AbstractTestNGCucumberTests" name="runScenario" time="0.008">
    <failure type="io.cucumber.testng.UndefinedStepException" message="The step &amp;apos;valid base url is defined&amp;apos; and 6 other step(s) are undefined.
You can implement these steps using the snippet(s) below:

@Given(&amp;quot;valid base url is defined&amp;quot;)
public void valid_base_url_is_defined() {
    // Write code here that turns the phrase above into concrete actions
    throw new io.cucumber.java.PendingException();
}
@Given(&amp;quot;valid endpoints to find pet details using status&amp;quot;)
public void valid_endpoints_to_find_pet_details_using_status() {
    // Write code here that turns the phrase above into concrete actions
    throw new io.cucumber.java.PendingException();
}
@Given(&amp;quot;header key is known for authentication&amp;quot;)
public void header_key_is_known_for_authentication() {
    // Write code here that turns the phrase above into concrete actions
    throw new io.cucumber.java.PendingException();
}
@When(&amp;quot;get request is sent to server with status&amp;quot;)
public void get_request_is_sent_to_server_with_status() {
    // Write code here that turns the phrase above into concrete actions
    throw new io.cucumber.java.PendingException();
}
@Then(&amp;quot;Validate the status code to be {string} for get pet details by status&amp;quot;)
public void validate_the_status_code_to_be_for_get_pet_details_by_status(String string) {
    // Write code here that turns the phrase above into concrete actions
    throw new io.cucumber.java.PendingException();
}
@Then(&amp;quot;Validate the content type as {string} for get pet details by status&amp;quot;)
public void validate_the_content_type_as_for_get_pet_details_by_status(String string) {
    // Write code here that turns the phrase above into concrete actions
    throw new io.cucumber.java.PendingException();
}
@Then(&amp;quot;Validate response values matching with expected status&amp;quot;)
public void validate_response_values_matching_with_expected_status() {
    // Write code here that turns the phrase above into concrete actions
    throw new io.cucumber.java.PendingException();
}
">
      <![CDATA[io.cucumber.testng.UndefinedStepException: The step 'valid base url is defined' and 6 other step(s) are undefined.
You can implement these steps using the snippet(s) below:

@Given("valid base url is defined")
public void valid_base_url_is_defined() {
    // Write code here that turns the phrase above into concrete actions
    throw new io.cucumber.java.PendingException();
}
@Given("valid endpoints to find pet details using status")
public void valid_endpoints_to_find_pet_details_using_status() {
    // Write code here that turns the phrase above into concrete actions
    throw new io.cucumber.java.PendingException();
}
@Given("header key is known for authentication")
public void header_key_is_known_for_authentication() {
    // Write code here that turns the phrase above into concrete actions
    throw new io.cucumber.java.PendingException();
}
@When("get request is sent to server with status")
public void get_request_is_sent_to_server_with_status() {
    // Write code here that turns the phrase above into concrete actions
    throw new io.cucumber.java.PendingException();
}
@Then("Validate the status code to be {string} for get pet details by status")
public void validate_the_status_code_to_be_for_get_pet_details_by_status(String string) {
    // Write code here that turns the phrase above into concrete actions
    throw new io.cucumber.java.PendingException();
}
@Then("Validate the content type as {string} for get pet details by status")
public void validate_the_content_type_as_for_get_pet_details_by_status(String string) {
    // Write code here that turns the phrase above into concrete actions
    throw new io.cucumber.java.PendingException();
}
@Then("Validate response values matching with expected status")
public void validate_response_values_matching_with_expected_status() {
    // Write code here that turns the phrase above into concrete actions
    throw new io.cucumber.java.PendingException();
}

at io.cucumber.core.runtime.TestCaseResultObserver.assertTestCasePassed(TestCaseResultObserver.java:69)
at io.cucumber.testng.TestCaseResultObserver.assertTestCasePassed(TestCaseResultObserver.java:23)
at io.cucumber.testng.TestNGCucumberRunner.lambda$runScenario$1(TestNGCucumberRunner.java:133)
at io.cucumber.core.runtime.CucumberExecutionContext.lambda$runTestCase$5(CucumberExecutionContext.java:136)
at io.cucumber.core.runtime.RethrowingThrowableCollector.executeAndThrow(RethrowingThrowableCollector.java:23)
at io.cucumber.core.runtime.CucumberExecutionContext.runTestCase(CucumberExecutionContext.java:136)
at io.cucumber.testng.TestNGCucumberRunner.runScenario(TestNGCucumberRunner.java:129)
at io.cucumber.testng.AbstractTestNGCucumberTests.runScenario(AbstractTestNGCucumberTests.java:35)
at java.base/java.util.ArrayList.forEach(ArrayList.java:1511)
... Removed 27 stack frames]]>
    </failure>
  </testcase> <!-- runScenario -->
  <testcase classname="io.cucumber.testng.AbstractTestNGCucumberTests" name="runScenario" time="0.006">
    <failure type="io.cucumber.testng.UndefinedStepException" message="The step &amp;apos;valid base url is defined&amp;apos; and 6 other step(s) are undefined.
You can implement these steps using the snippet(s) below:

@Given(&amp;quot;valid base url is defined&amp;quot;)
public void valid_base_url_is_defined() {
    // Write code here that turns the phrase above into concrete actions
    throw new io.cucumber.java.PendingException();
}
@Given(&amp;quot;valid endpoints to add a image to existing pet or create new pet if pet id is not present&amp;quot;)
public void valid_endpoints_to_add_a_image_to_existing_pet_or_create_new_pet_if_pet_id_is_not_present() {
    // Write code here that turns the phrase above into concrete actions
    throw new io.cucumber.java.PendingException();
}
@Given(&amp;quot;valid pet data for image and additional meta data is available in required format&amp;quot;)
public void valid_pet_data_for_image_and_additional_meta_data_is_available_in_required_format() {
    // Write code here that turns the phrase above into concrete actions
    throw new io.cucumber.java.PendingException();
}
@When(&amp;quot;post request is sent to server with image data&amp;quot;)
public void post_request_is_sent_to_server_with_image_data() {
    // Write code here that turns the phrase above into concrete actions
    throw new io.cucumber.java.PendingException();
}
@Then(&amp;quot;Validate the status code to be {string}  in post pet image details&amp;quot;)
public void validate_the_status_code_to_be_in_post_pet_image_details(String string) {
    // Write code here that turns the phrase above into concrete actions
    throw new io.cucumber.java.PendingException();
}
@Then(&amp;quot;Validate the content type as {string} in post image details&amp;quot;)
public void validate_the_content_type_as_in_post_image_details(String string) {
    // Write code here that turns the phrase above into concrete actions
    throw new io.cucumber.java.PendingException();
}
@Then(&amp;quot;Validate response metadata value matching with input data&amp;quot;)
public void validate_response_metadata_value_matching_with_input_data() {
    // Write code here that turns the phrase above into concrete actions
    throw new io.cucumber.java.PendingException();
}
">
      <![CDATA[io.cucumber.testng.UndefinedStepException: The step 'valid base url is defined' and 6 other step(s) are undefined.
You can implement these steps using the snippet(s) below:

@Given("valid base url is defined")
public void valid_base_url_is_defined() {
    // Write code here that turns the phrase above into concrete actions
    throw new io.cucumber.java.PendingException();
}
@Given("valid endpoints to add a image to existing pet or create new pet if pet id is not present")
public void valid_endpoints_to_add_a_image_to_existing_pet_or_create_new_pet_if_pet_id_is_not_present() {
    // Write code here that turns the phrase above into concrete actions
    throw new io.cucumber.java.PendingException();
}
@Given("valid pet data for image and additional meta data is available in required format")
public void valid_pet_data_for_image_and_additional_meta_data_is_available_in_required_format() {
    // Write code here that turns the phrase above into concrete actions
    throw new io.cucumber.java.PendingException();
}
@When("post request is sent to server with image data")
public void post_request_is_sent_to_server_with_image_data() {
    // Write code here that turns the phrase above into concrete actions
    throw new io.cucumber.java.PendingException();
}
@Then("Validate the status code to be {string}  in post pet image details")
public void validate_the_status_code_to_be_in_post_pet_image_details(String string) {
    // Write code here that turns the phrase above into concrete actions
    throw new io.cucumber.java.PendingException();
}
@Then("Validate the content type as {string} in post image details")
public void validate_the_content_type_as_in_post_image_details(String string) {
    // Write code here that turns the phrase above into concrete actions
    throw new io.cucumber.java.PendingException();
}
@Then("Validate response metadata value matching with input data")
public void validate_response_metadata_value_matching_with_input_data() {
    // Write code here that turns the phrase above into concrete actions
    throw new io.cucumber.java.PendingException();
}

at io.cucumber.core.runtime.TestCaseResultObserver.assertTestCasePassed(TestCaseResultObserver.java:69)
at io.cucumber.testng.TestCaseResultObserver.assertTestCasePassed(TestCaseResultObserver.java:23)
at io.cucumber.testng.TestNGCucumberRunner.lambda$runScenario$1(TestNGCucumberRunner.java:133)
at io.cucumber.core.runtime.CucumberExecutionContext.lambda$runTestCase$5(CucumberExecutionContext.java:136)
at io.cucumber.core.runtime.RethrowingThrowableCollector.executeAndThrow(RethrowingThrowableCollector.java:23)
at io.cucumber.core.runtime.CucumberExecutionContext.runTestCase(CucumberExecutionContext.java:136)
at io.cucumber.testng.TestNGCucumberRunner.runScenario(TestNGCucumberRunner.java:129)
at io.cucumber.testng.AbstractTestNGCucumberTests.runScenario(AbstractTestNGCucumberTests.java:35)
at java.base/java.util.ArrayList.forEach(ArrayList.java:1511)
... Removed 27 stack frames]]>
    </failure>
  </testcase> <!-- runScenario -->
  <testcase classname="io.cucumber.testng.AbstractTestNGCucumberTests" name="runScenario" time="0.006">
    <failure type="io.cucumber.testng.UndefinedStepException" message="The step &amp;apos;valid base url is defined&amp;apos; and 7 other step(s) are undefined.
You can implement these steps using the snippet(s) below:

@Given(&amp;quot;valid base url is defined&amp;quot;)
public void valid_base_url_is_defined() {
    // Write code here that turns the phrase above into concrete actions
    throw new io.cucumber.java.PendingException();
}
@Given(&amp;quot;valid endpoints to update pet details&amp;quot;)
public void valid_endpoints_to_update_pet_details() {
    // Write code here that turns the phrase above into concrete actions
    throw new io.cucumber.java.PendingException();
}
@Given(&amp;quot;Authorisation is added in header&amp;quot;)
public void authorisation_is_added_in_header() {
    // Write code here that turns the phrase above into concrete actions
    throw new io.cucumber.java.PendingException();
}
@Given(&amp;quot;valid pet data is available to update&amp;quot;)
public void valid_pet_data_is_available_to_update() {
    // Write code here that turns the phrase above into concrete actions
    throw new io.cucumber.java.PendingException();
}
@When(&amp;quot;Put request is sent to the server&amp;quot;)
public void put_request_is_sent_to_the_server() {
    // Write code here that turns the phrase above into concrete actions
    throw new io.cucumber.java.PendingException();
}
@Then(&amp;quot;Validate the status code to be {string} for put update request&amp;quot;)
public void validate_the_status_code_to_be_for_put_update_request(String string) {
    // Write code here that turns the phrase above into concrete actions
    throw new io.cucumber.java.PendingException();
}
@Then(&amp;quot;Validate the content type as {string} in put request&amp;quot;)
public void validate_the_content_type_as_in_put_request(String string) {
    // Write code here that turns the phrase above into concrete actions
    throw new io.cucumber.java.PendingException();
}
@Then(&amp;quot;Validate response metadata value matching with input data in put request&amp;quot;)
public void validate_response_metadata_value_matching_with_input_data_in_put_request() {
    // Write code here that turns the phrase above into concrete actions
    throw new io.cucumber.java.PendingException();
}
">
      <![CDATA[io.cucumber.testng.UndefinedStepException: The step 'valid base url is defined' and 7 other step(s) are undefined.
You can implement these steps using the snippet(s) below:

@Given("valid base url is defined")
public void valid_base_url_is_defined() {
    // Write code here that turns the phrase above into concrete actions
    throw new io.cucumber.java.PendingException();
}
@Given("valid endpoints to update pet details")
public void valid_endpoints_to_update_pet_details() {
    // Write code here that turns the phrase above into concrete actions
    throw new io.cucumber.java.PendingException();
}
@Given("Authorisation is added in header")
public void authorisation_is_added_in_header() {
    // Write code here that turns the phrase above into concrete actions
    throw new io.cucumber.java.PendingException();
}
@Given("valid pet data is available to update")
public void valid_pet_data_is_available_to_update() {
    // Write code here that turns the phrase above into concrete actions
    throw new io.cucumber.java.PendingException();
}
@When("Put request is sent to the server")
public void put_request_is_sent_to_the_server() {
    // Write code here that turns the phrase above into concrete actions
    throw new io.cucumber.java.PendingException();
}
@Then("Validate the status code to be {string} for put update request")
public void validate_the_status_code_to_be_for_put_update_request(String string) {
    // Write code here that turns the phrase above into concrete actions
    throw new io.cucumber.java.PendingException();
}
@Then("Validate the content type as {string} in put request")
public void validate_the_content_type_as_in_put_request(String string) {
    // Write code here that turns the phrase above into concrete actions
    throw new io.cucumber.java.PendingException();
}
@Then("Validate response metadata value matching with input data in put request")
public void validate_response_metadata_value_matching_with_input_data_in_put_request() {
    // Write code here that turns the phrase above into concrete actions
    throw new io.cucumber.java.PendingException();
}

at io.cucumber.core.runtime.TestCaseResultObserver.assertTestCasePassed(TestCaseResultObserver.java:69)
at io.cucumber.testng.TestCaseResultObserver.assertTestCasePassed(TestCaseResultObserver.java:23)
at io.cucumber.testng.TestNGCucumberRunner.lambda$runScenario$1(TestNGCucumberRunner.java:133)
at io.cucumber.core.runtime.CucumberExecutionContext.lambda$runTestCase$5(CucumberExecutionContext.java:136)
at io.cucumber.core.runtime.RethrowingThrowableCollector.executeAndThrow(RethrowingThrowableCollector.java:23)
at io.cucumber.core.runtime.CucumberExecutionContext.runTestCase(CucumberExecutionContext.java:136)
at io.cucumber.testng.TestNGCucumberRunner.runScenario(TestNGCucumberRunner.java:129)
at io.cucumber.testng.AbstractTestNGCucumberTests.runScenario(AbstractTestNGCucumberTests.java:35)
at java.base/java.util.ArrayList.forEach(ArrayList.java:1511)
... Removed 27 stack frames]]>
    </failure>
  </testcase> <!-- runScenario -->
  <testcase classname="io.cucumber.testng.AbstractTestNGCucumberTests" name="runScenario" time="0.005">
    <failure type="io.cucumber.testng.UndefinedStepException" message="The step &amp;apos;valid base url is defined&amp;apos; and 7 other step(s) are undefined.
You can implement these steps using the snippet(s) below:

@Given(&amp;quot;valid base url is defined&amp;quot;)
public void valid_base_url_is_defined() {
    // Write code here that turns the phrase above into concrete actions
    throw new io.cucumber.java.PendingException();
}
@Given(&amp;quot;valid end points to update pet status and name&amp;quot;)
public void valid_end_points_to_update_pet_status_and_name() {
    // Write code here that turns the phrase above into concrete actions
    throw new io.cucumber.java.PendingException();
}
@Given(&amp;quot;Authorisation is added in header&amp;quot;)
public void authorisation_is_added_in_header() {
    // Write code here that turns the phrase above into concrete actions
    throw new io.cucumber.java.PendingException();
}
@Given(&amp;quot;Valid pet data is available to update pet name and status&amp;quot;)
public void valid_pet_data_is_available_to_update_pet_name_and_status() {
    // Write code here that turns the phrase above into concrete actions
    throw new io.cucumber.java.PendingException();
}
@When(&amp;quot;Post request is sent to the server&amp;quot;)
public void post_request_is_sent_to_the_server() {
    // Write code here that turns the phrase above into concrete actions
    throw new io.cucumber.java.PendingException();
}
@Then(&amp;quot;Validate the status code to be {string} for post update request&amp;quot;)
public void validate_the_status_code_to_be_for_post_update_request(String string) {
    // Write code here that turns the phrase above into concrete actions
    throw new io.cucumber.java.PendingException();
}
@Then(&amp;quot;Validate the content type as {string} in post update request&amp;quot;)
public void validate_the_content_type_as_in_post_update_request(String string) {
    // Write code here that turns the phrase above into concrete actions
    throw new io.cucumber.java.PendingException();
}
@Then(&amp;quot;Validate response metadata value matching with input data in post update request&amp;quot;)
public void validate_response_metadata_value_matching_with_input_data_in_post_update_request() {
    // Write code here that turns the phrase above into concrete actions
    throw new io.cucumber.java.PendingException();
}
">
      <![CDATA[io.cucumber.testng.UndefinedStepException: The step 'valid base url is defined' and 7 other step(s) are undefined.
You can implement these steps using the snippet(s) below:

@Given("valid base url is defined")
public void valid_base_url_is_defined() {
    // Write code here that turns the phrase above into concrete actions
    throw new io.cucumber.java.PendingException();
}
@Given("valid end points to update pet status and name")
public void valid_end_points_to_update_pet_status_and_name() {
    // Write code here that turns the phrase above into concrete actions
    throw new io.cucumber.java.PendingException();
}
@Given("Authorisation is added in header")
public void authorisation_is_added_in_header() {
    // Write code here that turns the phrase above into concrete actions
    throw new io.cucumber.java.PendingException();
}
@Given("Valid pet data is available to update pet name and status")
public void valid_pet_data_is_available_to_update_pet_name_and_status() {
    // Write code here that turns the phrase above into concrete actions
    throw new io.cucumber.java.PendingException();
}
@When("Post request is sent to the server")
public void post_request_is_sent_to_the_server() {
    // Write code here that turns the phrase above into concrete actions
    throw new io.cucumber.java.PendingException();
}
@Then("Validate the status code to be {string} for post update request")
public void validate_the_status_code_to_be_for_post_update_request(String string) {
    // Write code here that turns the phrase above into concrete actions
    throw new io.cucumber.java.PendingException();
}
@Then("Validate the content type as {string} in post update request")
public void validate_the_content_type_as_in_post_update_request(String string) {
    // Write code here that turns the phrase above into concrete actions
    throw new io.cucumber.java.PendingException();
}
@Then("Validate response metadata value matching with input data in post update request")
public void validate_response_metadata_value_matching_with_input_data_in_post_update_request() {
    // Write code here that turns the phrase above into concrete actions
    throw new io.cucumber.java.PendingException();
}

at io.cucumber.core.runtime.TestCaseResultObserver.assertTestCasePassed(TestCaseResultObserver.java:69)
at io.cucumber.testng.TestCaseResultObserver.assertTestCasePassed(TestCaseResultObserver.java:23)
at io.cucumber.testng.TestNGCucumberRunner.lambda$runScenario$1(TestNGCucumberRunner.java:133)
at io.cucumber.core.runtime.CucumberExecutionContext.lambda$runTestCase$5(CucumberExecutionContext.java:136)
at io.cucumber.core.runtime.RethrowingThrowableCollector.executeAndThrow(RethrowingThrowableCollector.java:23)
at io.cucumber.core.runtime.CucumberExecutionContext.runTestCase(CucumberExecutionContext.java:136)
at io.cucumber.testng.TestNGCucumberRunner.runScenario(TestNGCucumberRunner.java:129)
at io.cucumber.testng.AbstractTestNGCucumberTests.runScenario(AbstractTestNGCucumberTests.java:35)
at java.base/java.util.ArrayList.forEach(ArrayList.java:1511)
... Removed 27 stack frames]]>
    </failure>
  </testcase> <!-- runScenario -->
  <testcase classname="io.cucumber.testng.AbstractTestNGCucumberTests" name="runScenario" time="0.008">
    <failure type="io.cucumber.testng.UndefinedStepException" message="The step &amp;apos;valid base url is defined&amp;apos; and 6 other step(s) are undefined.
You can implement these steps using the snippet(s) below:

@Given(&amp;quot;valid base url is defined&amp;quot;)
public void valid_base_url_is_defined() {
    // Write code here that turns the phrase above into concrete actions
    throw new io.cucumber.java.PendingException();
}
@Given(&amp;quot;valid endpoints to delete  pet details&amp;quot;)
public void valid_endpoints_to_delete_pet_details() {
    // Write code here that turns the phrase above into concrete actions
    throw new io.cucumber.java.PendingException();
}
@Given(&amp;quot;Authorisation is added in header for deleting pet&amp;quot;)
public void authorisation_is_added_in_header_for_deleting_pet() {
    // Write code here that turns the phrase above into concrete actions
    throw new io.cucumber.java.PendingException();
}
@When(&amp;quot;Delete request is sent to server&amp;quot;)
public void delete_request_is_sent_to_server() {
    // Write code here that turns the phrase above into concrete actions
    throw new io.cucumber.java.PendingException();
}
@Then(&amp;quot;Element should be successfully deleted from the server with status code as {string}&amp;quot;)
public void element_should_be_successfully_deleted_from_the_server_with_status_code_as(String string) {
    // Write code here that turns the phrase above into concrete actions
    throw new io.cucumber.java.PendingException();
}
@Then(&amp;quot;Validate the content type as {string} in delete response&amp;quot;)
public void validate_the_content_type_as_in_delete_response(String string) {
    // Write code here that turns the phrase above into concrete actions
    throw new io.cucumber.java.PendingException();
}
@Then(&amp;quot;Validate response content&amp;quot;)
public void validate_response_content() {
    // Write code here that turns the phrase above into concrete actions
    throw new io.cucumber.java.PendingException();
}
">
      <![CDATA[io.cucumber.testng.UndefinedStepException: The step 'valid base url is defined' and 6 other step(s) are undefined.
You can implement these steps using the snippet(s) below:

@Given("valid base url is defined")
public void valid_base_url_is_defined() {
    // Write code here that turns the phrase above into concrete actions
    throw new io.cucumber.java.PendingException();
}
@Given("valid endpoints to delete  pet details")
public void valid_endpoints_to_delete_pet_details() {
    // Write code here that turns the phrase above into concrete actions
    throw new io.cucumber.java.PendingException();
}
@Given("Authorisation is added in header for deleting pet")
public void authorisation_is_added_in_header_for_deleting_pet() {
    // Write code here that turns the phrase above into concrete actions
    throw new io.cucumber.java.PendingException();
}
@When("Delete request is sent to server")
public void delete_request_is_sent_to_server() {
    // Write code here that turns the phrase above into concrete actions
    throw new io.cucumber.java.PendingException();
}
@Then("Element should be successfully deleted from the server with status code as {string}")
public void element_should_be_successfully_deleted_from_the_server_with_status_code_as(String string) {
    // Write code here that turns the phrase above into concrete actions
    throw new io.cucumber.java.PendingException();
}
@Then("Validate the content type as {string} in delete response")
public void validate_the_content_type_as_in_delete_response(String string) {
    // Write code here that turns the phrase above into concrete actions
    throw new io.cucumber.java.PendingException();
}
@Then("Validate response content")
public void validate_response_content() {
    // Write code here that turns the phrase above into concrete actions
    throw new io.cucumber.java.PendingException();
}

at io.cucumber.core.runtime.TestCaseResultObserver.assertTestCasePassed(TestCaseResultObserver.java:69)
at io.cucumber.testng.TestCaseResultObserver.assertTestCasePassed(TestCaseResultObserver.java:23)
at io.cucumber.testng.TestNGCucumberRunner.lambda$runScenario$1(TestNGCucumberRunner.java:133)
at io.cucumber.core.runtime.CucumberExecutionContext.lambda$runTestCase$5(CucumberExecutionContext.java:136)
at io.cucumber.core.runtime.RethrowingThrowableCollector.executeAndThrow(RethrowingThrowableCollector.java:23)
at io.cucumber.core.runtime.CucumberExecutionContext.runTestCase(CucumberExecutionContext.java:136)
at io.cucumber.testng.TestNGCucumberRunner.runScenario(TestNGCucumberRunner.java:129)
at io.cucumber.testng.AbstractTestNGCucumberTests.runScenario(AbstractTestNGCucumberTests.java:35)
at java.base/java.util.ArrayList.forEach(ArrayList.java:1511)
... Removed 27 stack frames]]>
    </failure>
  </testcase> <!-- runScenario -->
</testsuite> <!-- Test -->
