<?xml version="1.0" encoding="UTF-8"?>
<testng-results ignored="0" total="0" passed="0" failed="0" skipped="0">
  <reporter-output>
  </reporter-output>
  <suite started-at="2024-07-04T14:49:31 IST" name="Default suite" finished-at="2024-07-04T14:49:31 IST" duration-ms="147">
    <groups>
      <group name="cucumber">
        <method signature="Runner.runScenario(io.cucumber.testng.PickleWrapper,io.cucumber.testng.FeatureWrapper)[pri:0, instance:testRunner.Runner@9d5509a]" name="runScenario" class="testRunner.Runner"/>
      </group> <!-- cucumber -->
    </groups>
    <test started-at="2024-07-04T14:49:31 IST" name="Default test" finished-at="2024-07-04T14:49:31 IST" duration-ms="147">
      <class name="testRunner.Runner">
        <test-method is-config="true" signature="setUpClass(org.testng.ITestContext)[pri:0, instance:testRunner.Runner@9d5509a]" started-at="2024-07-04T14:49:31 IST" name="setUpClass" finished-at="2024-07-04T14:49:31 IST" duration-ms="115" status="PASS">
          <params>
            <param index="0">
              <value>
                <![CDATA[org.testng.TestRunner@77659b30]]>
              </value>
            </param>
          </params>
          <reporter-output>
          </reporter-output>
        </test-method> <!-- setUpClass -->
        <test-method is-config="true" signature="beforeClass()[pri:0, instance:testRunner.Runner@9d5509a]" started-at="2024-07-04T14:49:31 IST" name="beforeClass" finished-at="2024-07-04T14:49:31 IST" duration-ms="5" status="PASS">
          <reporter-output>
          </reporter-output>
        </test-method> <!-- beforeClass -->
        <test-method is-config="true" signature="tearDown()[pri:0, instance:testRunner.Runner@9d5509a]" started-at="2024-07-04T14:49:31 IST" name="tearDown" finished-at="2024-07-04T14:49:31 IST" duration-ms="1" status="PASS">
          <reporter-output>
          </reporter-output>
        </test-method> <!-- tearDown -->
        <test-method is-config="true" signature="tearDownClass()[pri:0, instance:testRunner.Runner@9d5509a]" started-at="2024-07-04T14:49:31 IST" name="tearDownClass" finished-at="2024-07-04T14:49:31 IST" duration-ms="0" status="PASS">
          <reporter-output>
          </reporter-output>
        </test-method> <!-- tearDownClass -->
      </class> <!-- testRunner.Runner -->
    </test> <!-- Default test -->
  </suite> <!-- Default suite -->
</testng-results>
